<?xml version="1.0" encoding="UTF-8"?>
<testsuite name="MyStructureTest" tests="4" skipped="0" failures="0" errors="0" timestamp="2020-11-16T19:25:20" hostname="HP" time="0.011">
  <properties/>
  <testcase name="testShouldCreateEmptyListOfNodes" classname="MyStructureTest" time="0.004"/>
  <testcase name="testShouldFindNodeByCode" classname="MyStructureTest" time="0.003"/>
  <testcase name="testShouldFindNodeByRender" classname="MyStructureTest" time="0.002"/>
  <testcase name="testShouldFindAllNodes" classname="MyStructureTest" time="0.0"/>
  <system-out><![CDATA[]]></system-out>
  <system-err><![CDATA[]]></system-err>
</testsuite>
